Построение начато 25.04.2015 20:42:10.
     1>Проект "C:\Users\User\Documents\Visual Studio 2012\Projects\Проект\Проект\Проект.vcxproj" в узле 2 (целевые объекты Build).
     1>ClCompile:
         C:\Program Files (x86)\Microsoft Visual Studio 11.0\VC\bin\CL.exe /c /I"C:\SFML-2.2\include" /ZI /nologo /W3 /WX- /Od /Oy- /D SFML_DYNAMIC /D _UNICODE /D UNICODE /D _UNICODE /D UNICODE /Gm /EHsc /RTC1 /MDd /GS /fp:precise /Zc:wchar_t /Zc:forScope /Fo"Debug\\" /Fd"Debug\vc110.pdb" /Gd /TP /analyze- /errorReport:prompt Level.cpp
         Level.cpp
     1>c:\users\user\documents\visual studio 2012\projects\проект\проект\level.cpp(12): warning C4244: инициализация: преобразование "sf::Int64" в "float", возможна потеря данных
       Link:
         C:\Program Files (x86)\Microsoft Visual Studio 11.0\VC\bin\link.exe /ERRORREPORT:PROMPT /OUT:"C:\Users\User\Documents\Visual Studio 2012\Projects\Проект\Debug\Проект.exe" /INCREMENTAL /NOLOGO /LIBPATH:"C:\SFML-2.2\lib" "sfml-graphics-d.lib" "sfml-window-d.lib" "sfml-system-d.lib" kernel32.lib user32.lib gdi32.lib winspool.lib comdlg32.lib advapi32.lib shell32.lib ole32.lib oleaut32.lib uuid.lib odbc32.lib odbccp32.lib /MANIFEST /MANIFESTUAC:"level='asInvoker' uiAccess='false'" /manifest:embed /DEBUG /PDB:"C:\Users\User\Documents\Visual Studio 2012\Projects\Проект\Debug\Проект.pdb" /TLBID:1 /DYNAMICBASE /NXCOMPAT /IMPLIB:"C:\Users\User\Documents\Visual Studio 2012\Projects\Проект\Debug\Проект.lib" /MACHINE:X86 "Debug\Проект.res"
         Debug\Bonus.obj
         Debug\Game.obj
         Debug\GameObject.obj
         Debug\Level.obj
         Debug\main.obj
         Debug\MainMenu.obj
         Debug\Map.obj
         Debug\Player.obj
         Debug\SplashScreen.obj
         Проект.vcxproj -> C:\Users\User\Documents\Visual Studio 2012\Projects\Проект\Debug\Проект.exe
     1>Построение проекта "C:\Users\User\Documents\Visual Studio 2012\Projects\Проект\Проект\Проект.vcxproj" завершено (целевые объекты Build).

Построение успешно завершено.

Затраченное время: 00:00:04.27
